<?xml version="1.0" encoding="utf-8"?><testsuites name="pytest tests"><testsuite name="pytest" errors="0" failures="0" skipped="0" tests="25" time="3.102" timestamp="2026-08-15T22:03:24.955688+00:00" hostname="agent-env-6eec2023-d645-42e4-86b2-2ea91e8c6383"><testcase classname="tests.backend_test.TestPublic" name="test_site_config_defaults" time="0.210" /><testcase classname="tests.backend_test.TestPublic" name="test_public_projects_empty_by_default" time="0.236" /><testcase classname="tests.backend_test.TestProjectsFlow" name="test_create_project" time="0.555" /><testcase classname="tests.backend_test.TestPublic" name="test_public_artists_schema" time="0.121" /><testcase classname="tests.backend_test.TestProjectsFlow" name="test_patch_verified_public" time="0.166" /><testcase classname="tests.backend_test.TestPublic" name="test_public_news_schema" time="0.108" /><testcase classname="tests.backend_test.TestPublic" name="test_public_integrations_7_not_connected" time="0.109" /><testcase classname="tests.backend_test.TestProjectsFlow" name="test_appears_in_public" time="0.135" /><testcase classname="tests.backend_test.TestProjectsFlow" name="test_patch_bogus_400" time="0.272" /><testcase classname="tests.backend_test.TestNewsCRUD" name="test_create" time="0.449" /><testcase classname="tests.backend_test.TestProjectsFlow" name="test_revert_hides_from_public" time="0.199" /><testcase classname="tests.backend_test.TestNewsCRUD" name="test_publish_and_verify" time="0.142" /><testcase classname="tests.backend_test.TestProjectsFlow" name="test_cleanup" time="0.117" /><testcase classname="tests.backend_test.TestNewsCRUD" name="test_public_shows" time="0.114" /><testcase classname="tests.backend_test.TestAuthGates" name="test_401_without_auth[/os/projects/xxx-patch]" time="0.115" /><testcase classname="tests.backend_test.TestNewsCRUD" name="test_bad_status_400" time="0.145" /><testcase classname="tests.backend_test.TestAuthGates" name="test_401_without_auth[/os/artists/xxx-patch]" time="0.098" /><testcase classname="tests.backend_test.TestNewsCRUD" name="test_delete" time="0.198" /><testcase classname="tests.backend_test.TestAuthGates" name="test_401_without_auth[/os/news/xxx-patch]" time="0.146" /><testcase classname="tests.backend_test.TestAuthGates" name="test_401_without_auth[/os/site-config-put]" time="0.095" /><testcase classname="tests.backend_test.TestArtists" name="test_create_and_publish" time="0.254" /><testcase classname="tests.backend_test.TestSiteConfig" name="test_get_then_put" time="0.451" /><testcase classname="tests.backend_test.TestArtists" name="test_appears_public" time="0.099" /><testcase classname="tests.backend_test.TestArtists" name="test_cleanup" time="0.113" /><testcase classname="tests.backend_test.TestSiteConfig" name="test_revert" time="0.100" /></testsuite></testsuites>